2020-02-13 22:04:31 [main] INFO  com.bridgelabs.fs.basicprograms.Factors  -enter the number n
2020-02-13 22:04:45 [main] INFO  com.bridgelabs.fs.basicprograms.Factors  -20
2020-02-14 09:31:41 [main] INFO  com.bridgelabs.fs.functionalprograms.Triplets  -
2020-02-14 09:31:41 [main] INFO  com.bridgelabs.fs.functionalprograms.Triplets  -Enter Size of Array :
2020-02-14 09:32:19 [main] INFO  com.bridgelabs.fs.functionalprograms.Triplets  -Enter 1 Value :
2020-02-14 09:32:22 [main] INFO  com.bridgelabs.fs.functionalprograms.Triplets  -Enter 2 Value :
2020-02-14 09:32:27 [main] INFO  com.bridgelabs.fs.functionalprograms.Triplets  -Enter 3 Value :
2020-02-14 09:32:28 [main] INFO  com.bridgelabs.fs.functionalprograms.Triplets  -Enter 4 Value :
2020-02-14 09:32:30 [main] INFO  com.bridgelabs.fs.functionalprograms.Triplets  -Enter 5 Value :
2020-02-14 09:32:32 [main] INFO  com.bridgelabs.fs.functionalprograms.Triplets  -2
2020-02-14 09:36:22 [main] INFO  com.bridgelabs.fs.functionalprograms.Triplets  -
2020-02-14 09:36:22 [main] INFO  com.bridgelabs.fs.functionalprograms.Triplets  -Enter Size of Array :
2020-02-14 09:36:32 [main] INFO  com.bridgelabs.fs.functionalprograms.Triplets  -Enter 1 Value :
2020-02-14 09:36:38 [main] INFO  com.bridgelabs.fs.functionalprograms.Triplets  -Enter 2 Value :
2020-02-14 09:36:41 [main] INFO  com.bridgelabs.fs.functionalprograms.Triplets  -Enter 3 Value :
2020-02-14 09:36:44 [main] INFO  com.bridgelabs.fs.functionalprograms.Triplets  -Enter 4 Value :
2020-02-14 09:36:52 [main] INFO  com.bridgelabs.fs.functionalprograms.Triplets  -Enter 5 Value :
2020-02-14 09:36:59 [main] INFO  com.bridgelabs.fs.functionalprograms.Triplets  -Enter 6 Value :
2020-02-14 09:37:00 [main] INFO  com.bridgelabs.fs.functionalprograms.Triplets  -Enter 7 Value :
2020-02-14 09:37:14 [main] INFO  com.bridgelabs.fs.functionalprograms.Triplets  -Enter 8 Value :
2020-02-14 09:37:20 [main] INFO  com.bridgelabs.fs.functionalprograms.Triplets  -4
2020-02-14 09:38:27 [main] INFO  com.bridgelabs.fs.functionalprograms.Triplets  -
2020-02-14 09:38:27 [main] INFO  com.bridgelabs.fs.functionalprograms.Triplets  -Enter Size of Array :
2020-02-14 09:38:32 [main] INFO  com.bridgelabs.fs.functionalprograms.Triplets  -Enter 1 Value :
2020-02-14 09:38:34 [main] INFO  com.bridgelabs.fs.functionalprograms.Triplets  -Enter 2 Value :
2020-02-14 09:38:36 [main] INFO  com.bridgelabs.fs.functionalprograms.Triplets  -Enter 3 Value :
2020-02-14 09:38:38 [main] INFO  com.bridgelabs.fs.functionalprograms.Triplets  -Enter 4 Value :
2020-02-14 09:38:42 [main] INFO  com.bridgelabs.fs.functionalprograms.Triplets  -Enter 5 Value :
2020-02-14 09:40:29 [main] INFO  com.bridgelabs.fs.functionalprograms.Triplets  -
2020-02-14 09:40:29 [main] INFO  com.bridgelabs.fs.functionalprograms.Triplets  -Enter Size of Array :
2020-02-14 09:40:35 [main] INFO  com.bridgelabs.fs.functionalprograms.Triplets  -Enter 1 Value :
2020-02-14 09:40:38 [main] INFO  com.bridgelabs.fs.functionalprograms.Triplets  -Enter 2 Value :
2020-02-14 09:40:39 [main] INFO  com.bridgelabs.fs.functionalprograms.Triplets  -Enter 3 Value :
2020-02-14 09:40:40 [main] INFO  com.bridgelabs.fs.functionalprograms.Triplets  -Enter 4 Value :
2020-02-14 09:40:44 [main] INFO  com.bridgelabs.fs.functionalprograms.Triplets  -Enter 5 Value :
2020-02-14 09:40:49 [main] INFO  com.bridgelabs.fs.functionalprograms.Triplets  -2logger
2020-02-14 10:45:24 [main] INFO  com.bridgelabs.fs.functionalprograms.TwodArray  - 
2020-02-14 11:36:05 [main] INFO  com.bridgelabs.fs.functionalprograms.Quadratic  -enter the values of a, b, c 
2020-02-14 13:57:49 [main] INFO  com.bridgelabs.fs.functionalprograms.Windchill  -enter the temparature and wind speed
2020-02-14 16:03:15 [main] INFO  com.bridgelabs.fs.functionalprograms.TwodArray  - 
2020-02-14 16:11:20 [main] INFO  com.bridgelabs.fs.functionalprograms.TwodArray  - 
2020-02-18 10:25:02 [main] INFO  com.bridgelabs.fs.basicprograms.Factors  -enter the number n
2020-02-18 10:25:06 [main] INFO  com.bridgelabs.fs.basicprograms.Factors  -30
2020-02-18 11:02:10 [main] INFO  com.bridgelabs.fs.basicprograms.Poweroftwo  -enter the n value
2020-02-18 11:02:13 [main] INFO  com.bridgelabs.fs.basicprograms.Poweroftwo  -32
2020-02-18 11:12:43 [main] INFO  com.bridgelabs.fs.basicprograms.Poweroftwo  -enter the n value
2020-02-18 11:23:52 [main] INFO  com.bridgelabs.fs.basicprograms.Poweroftwo  -enter the n value
2020-02-18 11:24:21 [main] INFO  com.bridgelabs.fs.basicprograms.Poweroftwo  -enter the n value
2020-02-18 11:29:39 [main] INFO  com.bridgelabs.fs.basicprograms.Poweroftwo  -enter the n value
2020-02-18 11:29:42 [main] INFO  com.bridgelabs.fs.basicprograms.Poweroftwo  -2power1 2
2020-02-18 11:29:42 [main] INFO  com.bridgelabs.fs.basicprograms.Poweroftwo  -2power2 4
2020-02-18 11:29:42 [main] INFO  com.bridgelabs.fs.basicprograms.Poweroftwo  -2power3 8
2020-02-18 11:30:22 [main] INFO  com.bridgelabs.fs.basicprograms.Poweroftwo  -enter the n value
2020-02-18 11:30:24 [main] INFO  com.bridgelabs.fs.basicprograms.Poweroftwo  -2power 1 2
2020-02-18 11:30:24 [main] INFO  com.bridgelabs.fs.basicprograms.Poweroftwo  -2power 2 4
2020-02-18 11:30:24 [main] INFO  com.bridgelabs.fs.basicprograms.Poweroftwo  -2power 3 8
2020-02-18 11:38:59 [main] INFO  com.bridgelabs.fs.basicprograms.Poweroftwo  -enter the n value
2020-02-18 11:39:07 [main] INFO  com.bridgelabs.fs.basicprograms.Poweroftwo  -2power 1 2
2020-02-18 11:39:07 [main] INFO  com.bridgelabs.fs.basicprograms.Poweroftwo  -2power 2 4
2020-02-18 11:39:07 [main] INFO  com.bridgelabs.fs.basicprograms.Poweroftwo  -2power 3 8
2020-02-18 11:40:36 [main] INFO  com.bridgelabs.fs.basicprograms.FlipCoin  -enter the number of flip
2020-02-18 11:40:41 [main] INFO  com.bridgelabs.fs.basicprograms.FlipCoin  -50.0
2020-02-18 11:40:41 [main] INFO  com.bridgelabs.fs.basicprograms.FlipCoin  -50.0
2020-02-18 11:40:51 [main] INFO  com.bridgelabs.fs.basicprograms.FlipCoin  -enter the number of flip
2020-02-18 11:40:54 [main] INFO  com.bridgelabs.fs.basicprograms.FlipCoin  -42.857142857142854
2020-02-18 11:40:54 [main] INFO  com.bridgelabs.fs.basicprograms.FlipCoin  -57.14285714285714
2020-02-18 12:55:46 [main] INFO  com.bridgelabs.fs.basicprograms.FlipCoin  -enter the number of flip
2020-02-18 12:55:49 [main] INFO  com.bridgelabs.fs.basicprograms.FlipCoin  -80.0
2020-02-18 12:55:49 [main] INFO  com.bridgelabs.fs.basicprograms.FlipCoin  -20.0
2020-02-18 13:05:07 [main] INFO  com.bridgelabs.fs.functionalprograms.Distance  -enter the x value
2020-02-18 13:05:23 [main] INFO  com.bridgelabs.fs.functionalprograms.Distance  -enter the y value
2020-02-18 13:05:25 [main] INFO  com.bridgelabs.fs.functionalprograms.Distance  -distance from (0,0)to the point (x,y)is = 3.605551275463989
2020-02-18 13:24:57 [main] INFO  com.bridgelabs.fs.functionalprograms.Triplets  -
2020-02-18 13:24:57 [main] INFO  com.bridgelabs.fs.functionalprograms.Triplets  -Enter Size of Array :
2020-02-18 13:25:12 [main] INFO  com.bridgelabs.fs.functionalprograms.Triplets  -Enter 1 Value :
2020-02-18 13:25:25 [main] INFO  com.bridgelabs.fs.functionalprograms.Triplets  -Enter 2 Value :
2020-02-18 13:25:38 [main] INFO  com.bridgelabs.fs.functionalprograms.Triplets  -Enter 3 Value :
2020-02-18 13:25:41 [main] INFO  com.bridgelabs.fs.functionalprograms.Triplets  -Enter 4 Value :
2020-02-18 13:25:43 [main] INFO  com.bridgelabs.fs.functionalprograms.Triplets  -Enter 5 Value :
2020-02-18 13:25:50 [main] INFO  com.bridgelabs.fs.functionalprograms.Triplets  -0
2020-02-18 13:26:15 [main] INFO  com.bridgelabs.fs.functionalprograms.Triplets  -
2020-02-18 13:26:15 [main] INFO  com.bridgelabs.fs.functionalprograms.Triplets  -Enter Size of Array :
2020-02-18 13:26:18 [main] INFO  com.bridgelabs.fs.functionalprograms.Triplets  -Enter 1 Value :
2020-02-18 13:26:20 [main] INFO  com.bridgelabs.fs.functionalprograms.Triplets  -Enter 2 Value :
2020-02-18 13:26:22 [main] INFO  com.bridgelabs.fs.functionalprograms.Triplets  -Enter 3 Value :
2020-02-18 13:26:22 [main] INFO  com.bridgelabs.fs.functionalprograms.Triplets  -Enter 4 Value :
2020-02-18 13:26:24 [main] INFO  com.bridgelabs.fs.functionalprograms.Triplets  -Enter 5 Value :
2020-02-18 13:26:25 [main] INFO  com.bridgelabs.fs.functionalprograms.Triplets  -Enter 6 Value :
2020-02-18 13:26:26 [main] INFO  com.bridgelabs.fs.functionalprograms.Triplets  -3
2020-02-18 13:33:02 [main] INFO  com.bridgelabs.fs.functionalprograms.Triplets  -
2020-02-18 13:33:02 [main] INFO  com.bridgelabs.fs.functionalprograms.Triplets  -Enter Size of Array :
2020-02-18 13:33:05 [main] INFO  com.bridgelabs.fs.functionalprograms.Triplets  -Enter 1 Value :
2020-02-18 13:33:07 [main] INFO  com.bridgelabs.fs.functionalprograms.Triplets  -Enter 2 Value :
2020-02-18 13:33:10 [main] INFO  com.bridgelabs.fs.functionalprograms.Triplets  -Enter 3 Value :
2020-02-18 13:33:11 [main] INFO  com.bridgelabs.fs.functionalprograms.Triplets  -Enter 4 Value :
2020-02-18 13:33:13 [main] INFO  com.bridgelabs.fs.functionalprograms.Triplets  -Enter 5 Value :
2020-02-18 13:33:16 [main] INFO  com.bridgelabs.fs.functionalprograms.Triplets  -Enter 6 Value :
2020-02-18 13:33:17 [main] INFO  com.bridgelabs.fs.functionalprograms.Triplets  -3
2020-02-18 15:18:58 [main] INFO  com.bridgelabs.fs.functionalprograms.Windchill  -enter the temparature and wind speed
2020-02-18 15:25:28 [main] INFO  com.bridgelabs.fs.functionalprograms.Windchill  -enter the temparature and wind speed
2020-02-18 15:25:28 [main] INFO  com.bridgelabs.fs.functionalprograms.Windchill  -enter the temparature and wind speed
2020-02-19 09:48:38 [main] INFO  com.bridgelabs.fs.functionalprograms.Triplets  -
2020-02-19 09:48:38 [main] INFO  com.bridgelabs.fs.functionalprograms.Triplets  -Enter Size of Array :
2020-02-19 09:48:41 [main] INFO  com.bridgelabs.fs.functionalprograms.Triplets  -Enter 1 Value :
2020-02-19 09:48:54 [main] INFO  com.bridgelabs.fs.functionalprograms.Triplets  -Enter 2 Value :
2020-02-19 09:48:56 [main] INFO  com.bridgelabs.fs.functionalprograms.Triplets  -Enter 3 Value :
2020-02-19 09:48:58 [main] INFO  com.bridgelabs.fs.functionalprograms.Triplets  -Enter 4 Value :
2020-02-19 09:48:59 [main] INFO  com.bridgelabs.fs.functionalprograms.Triplets  -Enter 5 Value :
2020-02-19 09:49:06 [main] INFO  com.bridgelabs.fs.functionalprograms.Triplets  -Enter 6 Value :
2020-02-19 09:49:07 [main] INFO  com.bridgelabs.fs.functionalprograms.Triplets  -3
2020-02-19 11:19:53 [main] INFO  com.bridgelabs.fs.functionalprograms.Quadratic  -enter the values of a, b, c 
2020-02-19 11:26:01 [main] INFO  com.bridgelabs.fs.functionalprograms.Quadratic  -enter the values of a, b, c 
2020-02-19 11:26:15 [main] INFO  com.bridgelabs.fs.functionalprograms.Quadratic  -enter the values of a, b, c 
2020-02-19 11:26:34 [main] INFO  com.bridgelabs.fs.functionalprograms.Quadratic  -enter the values of a, b, c 
2020-02-19 11:26:51 [main] INFO  com.bridgelabs.fs.functionalprograms.Quadratic  -enter the values of a, b, c 
2020-02-19 11:27:12 [main] INFO  com.bridgelabs.fs.functionalprograms.Quadratic  -enter the values of a, b, c 
2020-02-19 11:27:55 [main] INFO  com.bridgelabs.fs.functionalprograms.Quadratic  -enter the values of a, b, c 
2020-02-19 11:28:50 [main] INFO  com.bridgelabs.fs.functionalprograms.Quadratic  -enter the values of a, b, c 
2020-02-19 11:29:20 [main] INFO  com.bridgelabs.fs.functionalprograms.Quadratic  -enter the values of a, b, c 
2020-02-19 11:32:56 [main] INFO  com.bridgelabs.fs.functionalprograms.Quadratic  -enter the values of a, b, c 
2020-02-19 11:33:07 [main] INFO  com.bridgelabs.fs.functionalprograms.Quadratic  -enter the values of a, b, c 
2020-02-19 11:33:31 [main] INFO  com.bridgelabs.fs.functionalprograms.Quadratic  -enter the values of a, b, c 
2020-02-19 11:38:38 [main] INFO  com.bridgelabs.fs.functionalprograms.Quadratic  -enter the values of a, b, c 
2020-02-19 11:38:54 [main] INFO  com.bridgelabs.fs.functionalprograms.Quadratic  -enter the values of a, b, c 
2020-02-19 11:39:15 [main] INFO  com.bridgelabs.fs.functionalprograms.Quadratic  -enter the values of a, b, c 
2020-02-19 11:39:26 [main] INFO  com.bridgelabs.fs.functionalprograms.Quadratic  -enter the values of a, b, c 
2020-02-19 11:39:33 [main] INFO  com.bridgelabs.fs.functionalprograms.Quadratic  -enter the values of a, b, c 
2020-02-19 11:39:43 [main] INFO  com.bridgelabs.fs.functionalprograms.Quadratic  -enter the values of a, b, c 
2020-02-19 11:40:18 [main] INFO  com.bridgelabs.fs.functionalprograms.Quadratic  -enter the values of a, b, c 
2020-02-19 11:44:53 [main] INFO  com.bridgelabs.fs.functionalprograms.TwodArray  - 
2020-02-19 11:52:53 [main] INFO  com.bridgelabs.fs.logicalprograms.CouponNumber  -enter the value a n
2020-02-19 11:53:06 [main] INFO  com.bridgelabs.fs.logicalprograms.CouponNumber  -11
2020-02-19 11:59:23 [main] INFO  com.bridgelabs.fs.logicalprograms.CouponNumber  -enter the value a n
2020-02-19 11:59:26 [main] INFO  com.bridgelabs.fs.logicalprograms.CouponNumber  -3
2020-02-19 11:59:40 [main] INFO  com.bridgelabs.fs.logicalprograms.CouponNumber  -enter the value a n
2020-02-19 11:59:41 [main] INFO  com.bridgelabs.fs.logicalprograms.CouponNumber  -4
2020-02-19 11:59:57 [main] INFO  com.bridgelabs.fs.logicalprograms.CouponNumber  -enter the value a n
2020-02-19 11:59:59 [main] INFO  com.bridgelabs.fs.logicalprograms.CouponNumber  -31
2020-02-20 10:48:53 [main] INFO  com.bridgelabs.fs.logicalprograms.CouponNumber  -enter the value a n
2020-02-20 10:48:56 [main] INFO  com.bridgelabs.fs.logicalprograms.CouponNumber  -24
2020-02-20 10:49:36 [main] INFO  com.bridgelabs.fs.logicalprograms.CouponNumber  -enter the value a n
2020-02-20 10:49:39 [main] INFO  com.bridgelabs.fs.logicalprograms.CouponNumber  -74
2020-02-20 10:50:40 [main] INFO  com.bridgelabs.fs.logicalprograms.CouponNumber  -enter the value a n
2020-02-20 10:51:14 [main] INFO  com.bridgelabs.fs.logicalprograms.CouponNumber  -enter the value a n
2020-02-20 10:51:16 [main] INFO  com.bridgelabs.fs.logicalprograms.CouponNumber  -35
2020-02-20 10:51:47 [main] INFO  com.bridgelabs.fs.logicalprograms.CouponNumber  -enter the value a n
2020-02-20 10:51:49 [main] INFO  com.bridgelabs.fs.logicalprograms.CouponNumber  -24
2020-02-20 11:06:13 [main] INFO  com.bridgelabs.fs.logicalprograms.Stopwatch  -enter the 1 to start the timer
2020-02-20 11:14:21 [main] INFO  com.bridgelabs.fs.logicalprograms.Gambler  -enter the stake, goal, trials
2020-02-20 11:18:05 [main] INFO  com.bridgelabs.fs.logicalprograms.Gambler  -enter the stake, goal, trials
2020-02-20 12:34:54 [main] INFO  com.bridgelabs.fs.junitprograms.Dayofweek  -month,day,year
2020-02-20 12:35:11 [main] INFO  com.bridgelabs.fs.junitprograms.Dayofweek  -1092
2020-02-20 12:35:11 [main] INFO  com.bridgelabs.fs.junitprograms.Dayofweek  -exception handeled
2020-02-20 12:35:11 [main] INFO  com.bridgelabs.fs.junitprograms.Dayofweek  -hello
2020-02-20 12:38:48 [main] INFO  com.bridgelabs.fs.junitprograms.Dayofweek  -month,day,year
2020-02-20 12:38:55 [main] INFO  com.bridgelabs.fs.junitprograms.Dayofweek  -1872
2020-02-20 12:38:55 [main] INFO  com.bridgelabs.fs.junitprograms.Dayofweek  -exception handeled
2020-02-20 12:38:55 [main] INFO  com.bridgelabs.fs.junitprograms.Dayofweek  -hello
2020-02-20 12:43:39 [main] INFO  com.bridgelabs.fs.junitprograms.Dayofweek  -month,day,year
2020-02-20 12:43:46 [main] INFO  com.bridgelabs.fs.junitprograms.Dayofweek  -0
2020-02-20 12:43:46 [main] INFO  com.bridgelabs.fs.junitprograms.Dayofweek  -exception handeled
2020-02-20 12:43:46 [main] INFO  com.bridgelabs.fs.junitprograms.Dayofweek  -hello
2020-02-20 12:50:08 [main] INFO  com.bridgelabs.fs.junitprograms.Dayofweek  -month,day,year
2020-02-20 12:50:29 [main] INFO  com.bridgelabs.fs.junitprograms.Dayofweek  -1
2020-02-20 12:50:29 [main] INFO  com.bridgelabs.fs.junitprograms.Dayofweek  -exception handeled
2020-02-20 12:50:29 [main] INFO  com.bridgelabs.fs.junitprograms.Dayofweek  -hello
2020-02-20 12:58:23 [main] INFO  com.bridgelabs.fs.junitprograms.Dayofweek  -month,day,year
2020-02-20 12:58:51 [main] INFO  com.bridgelabs.fs.junitprograms.Dayofweek  -3
2020-02-20 12:58:51 [main] INFO  com.bridgelabs.fs.junitprograms.Dayofweek  -exception handeled
2020-02-20 12:58:51 [main] INFO  com.bridgelabs.fs.junitprograms.Dayofweek  -hello
2020-02-20 13:00:43 [main] INFO  com.bridgelabs.fs.junitprograms.Dayofweek  -month,day,year
2020-02-20 13:00:54 [main] INFO  com.bridgelabs.fs.junitprograms.Dayofweek  -3
2020-02-20 13:00:54 [main] INFO  com.bridgelabs.fs.junitprograms.Dayofweek  -exception handeled
2020-02-20 13:00:54 [main] INFO  com.bridgelabs.fs.junitprograms.Dayofweek  -hello
2020-02-20 13:09:43 [main] INFO  com.bridgelabs.fs.junitprograms.Dayofweek  -month,day,year
2020-02-20 13:09:53 [main] INFO  com.bridgelabs.fs.junitprograms.Dayofweek  -0
2020-02-20 13:09:53 [main] INFO  com.bridgelabs.fs.junitprograms.Dayofweek  -exception handeled
2020-02-20 13:09:53 [main] INFO  com.bridgelabs.fs.junitprograms.Dayofweek  -hello
2020-02-20 13:10:07 [main] INFO  com.bridgelabs.fs.junitprograms.Utility  -5
2020-02-20 13:11:07 [main] INFO  com.bridgelabs.fs.junitprograms.Dayofweek  -month,day,year
2020-02-20 13:11:15 [main] INFO  com.bridgelabs.fs.junitprograms.Dayofweek  -0
2020-02-20 13:11:15 [main] INFO  com.bridgelabs.fs.junitprograms.Dayofweek  -exception handeled
2020-02-20 13:11:15 [main] INFO  com.bridgelabs.fs.junitprograms.Dayofweek  -hello
2020-02-20 13:11:42 [main] INFO  com.bridgelabs.fs.junitprograms.Dayofweek  -month,day,year
2020-02-20 13:11:52 [main] INFO  com.bridgelabs.fs.junitprograms.Dayofweek  -0
2020-02-20 13:11:52 [main] INFO  com.bridgelabs.fs.junitprograms.Dayofweek  -exception handeled
2020-02-20 13:11:52 [main] INFO  com.bridgelabs.fs.junitprograms.Dayofweek  -hello
2020-02-20 13:12:22 [main] INFO  com.bridgelabs.fs.junitprograms.Dayofweek  -month,day,year
2020-02-20 13:12:31 [main] INFO  com.bridgelabs.fs.junitprograms.Dayofweek  -0
2020-02-20 13:12:31 [main] INFO  com.bridgelabs.fs.junitprograms.Dayofweek  -exception handeled
2020-02-20 13:12:31 [main] INFO  com.bridgelabs.fs.junitprograms.Dayofweek  -hello
2020-02-20 13:13:17 [main] INFO  com.bridgelabs.fs.junitprograms.Dayofweek  -month,day,year
2020-02-20 13:13:27 [main] INFO  com.bridgelabs.fs.junitprograms.Dayofweek  -0
2020-02-20 13:13:27 [main] INFO  com.bridgelabs.fs.junitprograms.Dayofweek  -exception handeled
2020-02-20 13:13:27 [main] INFO  com.bridgelabs.fs.junitprograms.Dayofweek  -hello
2020-02-20 13:14:42 [main] INFO  com.bridgelabs.fs.junitprograms.Dayofweek  -month,day,year
2020-02-20 13:14:54 [main] INFO  com.bridgelabs.fs.junitprograms.Dayofweek  -1
2020-02-20 13:14:54 [main] INFO  com.bridgelabs.fs.junitprograms.Dayofweek  -exception handeled
2020-02-20 13:14:54 [main] INFO  com.bridgelabs.fs.junitprograms.Dayofweek  -hello
2020-02-20 13:16:31 [main] INFO  com.bridgelabs.fs.functionalprograms.Utility  -the roots are=0.00.9428090415820635
2020-02-20 13:16:31 [main] INFO  com.bridgelabs.fs.functionalprograms.Utility  --1.0 -1.5
2020-02-20 14:10:39 [main] INFO  com.bridgelabs.fs.junitprograms.Squareroot  -  enter the c value
2020-02-20 14:10:48 [main] INFO  com.bridgelabs.fs.junitprograms.Squareroot  - the estimated root is 1.7320508075688772
2020-02-20 14:10:48 [main] INFO  com.bridgelabs.fs.junitprograms.Squareroot  -exception handles and now executing below lines
2020-02-20 14:10:48 [main] INFO  com.bridgelabs.fs.junitprograms.Squareroot  -hi....
2020-02-20 14:29:48 [main] INFO  com.bridgelabs.fs.junitprograms.Vendingmachine  -enter the amount: 
2020-02-20 14:29:59 [main] INFO  com.bridgelabs.fs.junitprograms.Utility  -1000notes---->1
2020-02-20 14:29:59 [main] INFO  com.bridgelabs.fs.junitprograms.Utility  -500notes---->1
2020-02-20 14:29:59 [main] INFO  com.bridgelabs.fs.junitprograms.Utility  -100notes---->1
2020-02-20 14:29:59 [main] INFO  com.bridgelabs.fs.junitprograms.Utility  -50notes---->1
2020-02-20 14:29:59 [main] INFO  com.bridgelabs.fs.junitprograms.Utility  -2notes---->1
2020-02-20 14:29:59 [main] INFO  com.bridgelabs.fs.junitprograms.Utility  -1notes---->1
2020-02-20 14:29:59 [main] INFO  com.bridgelabs.fs.junitprograms.Vendingmachine  --1
2020-02-20 14:29:59 [main] INFO  com.bridgelabs.fs.junitprograms.Vendingmachine  -exceptions handled
2020-02-20 14:29:59 [main] INFO  com.bridgelabs.fs.junitprograms.Vendingmachine  - hiii..
2020-02-20 14:35:16 [main] INFO  com.bridgelabs.fs.junitprograms.Utility  -1000notes---->1
2020-02-20 14:35:16 [main] INFO  com.bridgelabs.fs.junitprograms.Utility  -500notes---->1
2020-02-20 14:35:16 [main] INFO  com.bridgelabs.fs.junitprograms.Utility  -100notes---->1
2020-02-20 14:35:16 [main] INFO  com.bridgelabs.fs.junitprograms.Utility  -50notes---->1
2020-02-20 14:35:16 [main] INFO  com.bridgelabs.fs.junitprograms.Utility  -2notes---->1
2020-02-20 14:35:16 [main] INFO  com.bridgelabs.fs.junitprograms.Utility  -1notes---->1
2020-02-20 14:40:32 [main] INFO  com.bridgelabs.fs.junitprograms.Utility  -1000notes---->1
2020-02-20 14:40:32 [main] INFO  com.bridgelabs.fs.junitprograms.Utility  -500notes---->1
2020-02-20 14:40:32 [main] INFO  com.bridgelabs.fs.junitprograms.Utility  -100notes---->1
2020-02-20 14:40:32 [main] INFO  com.bridgelabs.fs.junitprograms.Utility  -50notes---->1
2020-02-20 14:40:32 [main] INFO  com.bridgelabs.fs.junitprograms.Utility  -2notes---->1
2020-02-20 14:40:32 [main] INFO  com.bridgelabs.fs.junitprograms.Utility  -1notes---->1
2020-02-20 14:41:04 [main] INFO  com.bridgelabs.fs.junitprograms.Utility  -1000notes---->1
2020-02-20 14:41:04 [main] INFO  com.bridgelabs.fs.junitprograms.Utility  -500notes---->1
2020-02-20 14:41:04 [main] INFO  com.bridgelabs.fs.junitprograms.Utility  -100notes---->1
2020-02-20 14:41:04 [main] INFO  com.bridgelabs.fs.junitprograms.Utility  -50notes---->1
2020-02-20 14:41:04 [main] INFO  com.bridgelabs.fs.junitprograms.Utility  -2notes---->1
2020-02-20 14:41:04 [main] INFO  com.bridgelabs.fs.junitprograms.Utility  -1notes---->1
2020-02-20 14:54:05 [main] INFO  com.bridgelabs.fs.junitprograms.Vendingmachine  -enter the amount: 
2020-02-20 14:54:18 [main] INFO  com.bridgelabs.fs.junitprograms.Utility  -1000notes---->12
2020-02-20 14:54:18 [main] INFO  com.bridgelabs.fs.junitprograms.Utility  -500notes---->1
2020-02-20 14:54:18 [main] INFO  com.bridgelabs.fs.junitprograms.Utility  -10notes---->2
2020-02-20 14:54:18 [main] INFO  com.bridgelabs.fs.junitprograms.Utility  -2notes---->2
2020-02-20 14:54:18 [main] INFO  com.bridgelabs.fs.junitprograms.Vendingmachine  --1
2020-02-20 14:54:18 [main] INFO  com.bridgelabs.fs.junitprograms.Vendingmachine  -exceptions handled
2020-02-20 14:54:18 [main] INFO  com.bridgelabs.fs.junitprograms.Vendingmachine  - hiii..
2020-02-20 14:58:28 [main] INFO  com.bridgelabs.fs.junitprograms.Vendingmachine  -enter the amount: 
2020-02-20 14:58:31 [main] INFO  com.bridgelabs.fs.junitprograms.Utility  -1000notes---->1
2020-02-20 14:58:31 [main] INFO  com.bridgelabs.fs.junitprograms.Utility  -100notes---->3
2020-02-20 14:58:31 [main] INFO  com.bridgelabs.fs.junitprograms.Utility  -10notes---->2
2020-02-20 14:58:31 [main] INFO  com.bridgelabs.fs.junitprograms.Utility  -2notes---->2
2020-02-20 14:58:31 [main] INFO  com.bridgelabs.fs.junitprograms.Vendingmachine  -8
2020-02-20 14:58:31 [main] INFO  com.bridgelabs.fs.junitprograms.Vendingmachine  -exceptions handled
2020-02-20 14:58:31 [main] INFO  com.bridgelabs.fs.junitprograms.Vendingmachine  - hiii..
2020-02-20 15:00:14 [main] INFO  com.bridgelabs.fs.junitprograms.Utility  -1000notes---->1
2020-02-20 15:00:14 [main] INFO  com.bridgelabs.fs.junitprograms.Utility  -100notes---->3
2020-02-20 15:00:14 [main] INFO  com.bridgelabs.fs.junitprograms.Utility  -10notes---->2
2020-02-20 15:00:14 [main] INFO  com.bridgelabs.fs.junitprograms.Utility  -2notes---->2
2020-02-20 15:00:49 [main] INFO  com.bridgelabs.fs.junitprograms.Vendingmachine  -enter the amount: 
2020-02-20 15:00:52 [main] INFO  com.bridgelabs.fs.junitprograms.Utility  -1000notes---->1
2020-02-20 15:00:52 [main] INFO  com.bridgelabs.fs.junitprograms.Utility  -100notes---->4
2020-02-20 15:00:52 [main] INFO  com.bridgelabs.fs.junitprograms.Utility  -10notes---->2
2020-02-20 15:00:52 [main] INFO  com.bridgelabs.fs.junitprograms.Utility  -2notes---->1
2020-02-20 15:00:52 [main] INFO  com.bridgelabs.fs.junitprograms.Utility  -1notes---->1
2020-02-20 15:00:52 [main] INFO  com.bridgelabs.fs.junitprograms.Vendingmachine  -9
2020-02-20 15:00:52 [main] INFO  com.bridgelabs.fs.junitprograms.Vendingmachine  -exceptions handled
2020-02-20 15:00:52 [main] INFO  com.bridgelabs.fs.junitprograms.Vendingmachine  - hiii..
2020-02-20 15:01:22 [main] INFO  com.bridgelabs.fs.junitprograms.Utility  -1000notes---->1
2020-02-20 15:01:22 [main] INFO  com.bridgelabs.fs.junitprograms.Utility  -100notes---->4
2020-02-20 15:01:22 [main] INFO  com.bridgelabs.fs.junitprograms.Utility  -10notes---->2
2020-02-20 15:01:22 [main] INFO  com.bridgelabs.fs.junitprograms.Utility  -2notes---->1
2020-02-20 15:01:22 [main] INFO  com.bridgelabs.fs.junitprograms.Utility  -1notes---->1
2020-02-20 15:01:55 [main] INFO  com.bridgelabs.fs.junitprograms.Vendingmachine  -enter the amount: 
2020-02-20 15:02:02 [main] INFO  com.bridgelabs.fs.junitprograms.Utility  -100notes---->1
2020-02-20 15:02:02 [main] INFO  com.bridgelabs.fs.junitprograms.Utility  -10notes---->2
2020-02-20 15:02:02 [main] INFO  com.bridgelabs.fs.junitprograms.Utility  -2notes---->1
2020-02-20 15:02:02 [main] INFO  com.bridgelabs.fs.junitprograms.Utility  -1notes---->1
2020-02-20 15:02:02 [main] INFO  com.bridgelabs.fs.junitprograms.Vendingmachine  -5
2020-02-20 15:02:02 [main] INFO  com.bridgelabs.fs.junitprograms.Vendingmachine  -exceptions handled
2020-02-20 15:02:02 [main] INFO  com.bridgelabs.fs.junitprograms.Vendingmachine  - hiii..
2020-02-20 15:03:21 [main] INFO  com.bridgelabs.fs.junitprograms.Utility  -1000notes---->1
2020-02-20 15:03:21 [main] INFO  com.bridgelabs.fs.junitprograms.Utility  -100notes---->4
2020-02-20 15:03:21 [main] INFO  com.bridgelabs.fs.junitprograms.Utility  -10notes---->2
2020-02-20 15:03:21 [main] INFO  com.bridgelabs.fs.junitprograms.Utility  -2notes---->1
2020-02-20 15:03:21 [main] INFO  com.bridgelabs.fs.junitprograms.Utility  -1notes---->1
2020-02-20 15:03:40 [main] INFO  com.bridgelabs.fs.junitprograms.Utility  -100notes---->1
2020-02-20 15:03:40 [main] INFO  com.bridgelabs.fs.junitprograms.Utility  -10notes---->2
2020-02-20 15:03:40 [main] INFO  com.bridgelabs.fs.junitprograms.Utility  -2notes---->1
2020-02-20 15:03:40 [main] INFO  com.bridgelabs.fs.junitprograms.Utility  -1notes---->1
2020-02-20 15:06:32 [main] INFO  com.bridgelabs.fs.junitprograms.Swapnibbles  -enter the value
2020-02-20 15:10:11 [main] INFO  com.bridgelabs.fs.junitprograms.Swapnibbles  -the decimal value is 32
2020-02-20 15:12:07 [main] INFO  com.bridgelabs.fs.junitprograms.Swapnibbles  -enter the value
2020-02-20 15:12:11 [main] INFO  com.bridgelabs.fs.junitprograms.Swapnibbles  -the decimal value is 93
2020-02-20 15:15:48 [main] INFO  com.bridgelabs.fs.junitprograms.MonthlyPayment  -enter the rate, year, percentage of interest
2020-02-20 15:16:05 [main] INFO  com.bridgelabs.fs.junitprograms.MonthlyPayment  -the emi is or the pay is 23.029293570646587
2020-02-20 15:18:32 [main] INFO  com.bridgelabs.fs.junitprograms.MonthlyPayment  -enter the rate, year, percentage of interest
2020-02-20 15:18:43 [main] INFO  com.bridgelabs.fs.junitprograms.MonthlyPayment  -the emi is or the pay is 3793.597413068084
2020-02-20 15:20:07 [main] INFO  com.bridgelabs.fs.junitprograms.Binarypowerof  -enter the value of x
2020-02-20 15:20:19 [main] INFO  com.bridgelabs.fs.junitprograms.Utility  -decimalTobinary for 102 : 
2020-02-20 15:20:19 [main] INFO  com.bridgelabs.fs.junitprograms.Utility  - 
2020-02-20 15:20:19 [main] INFO  com.bridgelabs.fs.junitprograms.Binarypowerof  -0
2020-02-20 15:24:25 [main] INFO  com.bridgelabs.fs.junitprograms.Utility  -decimalTobinary for 102 : 
2020-02-20 15:24:25 [main] INFO  com.bridgelabs.fs.junitprograms.Utility  - 
2020-02-20 15:24:42 [main] INFO  com.bridgelabs.fs.junitprograms.Binarypowerof  -enter the value of x
2020-02-20 15:24:44 [main] INFO  com.bridgelabs.fs.junitprograms.Utility  -decimalTobinary for 1234 : 
2020-02-20 15:24:44 [main] INFO  com.bridgelabs.fs.junitprograms.Utility  - 
2020-02-20 15:24:44 [main] INFO  com.bridgelabs.fs.junitprograms.Binarypowerof  -0
2020-02-20 15:25:07 [main] INFO  com.bridgelabs.fs.junitprograms.Binarypowerof  -enter the value of x
2020-02-20 15:25:17 [main] INFO  com.bridgelabs.fs.junitprograms.Utility  -decimalTobinary for 1234 : 
2020-02-20 15:25:17 [main] INFO  com.bridgelabs.fs.junitprograms.Utility  - 
2020-02-20 15:49:59 [main] INFO  com.bridgelabs.fs.junitprograms.Squareroot  -  enter the c value
2020-02-20 15:50:13 [main] INFO  com.bridgelabs.fs.junitprograms.Squareroot  - the estimated root is 13.0
2020-02-20 15:50:13 [main] INFO  com.bridgelabs.fs.junitprograms.Squareroot  -exception handles and now executing below lines
2020-02-20 15:50:13 [main] INFO  com.bridgelabs.fs.junitprograms.Squareroot  -hi....
2020-02-20 15:51:53 [main] INFO  com.bridgelabs.fs.junitprograms.Squareroot  -  enter the c value
2020-02-20 15:51:56 [main] INFO  com.bridgelabs.fs.junitprograms.Squareroot  - the estimated root is 6.5
2020-02-20 15:51:56 [main] INFO  com.bridgelabs.fs.junitprograms.Squareroot  -exception handles and now executing below lines
2020-02-20 15:51:56 [main] INFO  com.bridgelabs.fs.junitprograms.Squareroot  -hi....
2020-02-20 15:52:50 [main] INFO  com.bridgelabs.fs.junitprograms.Squareroot  -  enter the c value
2020-02-20 15:52:53 [main] INFO  com.bridgelabs.fs.junitprograms.Squareroot  - the estimated root is 12.0
2020-02-20 15:52:53 [main] INFO  com.bridgelabs.fs.junitprograms.Squareroot  -exception handles and now executing below lines
2020-02-20 15:52:53 [main] INFO  com.bridgelabs.fs.junitprograms.Squareroot  -hi....
2020-02-20 15:57:07 [main] INFO  com.bridgelabs.fs.junitprograms.Squareroot  -  enter the c value
2020-02-20 15:57:10 [main] INFO  com.bridgelabs.fs.junitprograms.Squareroot  - the estimated root is 62.0
2020-02-20 15:57:10 [main] INFO  com.bridgelabs.fs.junitprograms.Squareroot  -exception handles and now executing below lines
2020-02-20 15:57:10 [main] INFO  com.bridgelabs.fs.junitprograms.Squareroot  -hi....
2020-02-20 15:57:13 [main] INFO  com.bridgelabs.fs.junitprograms.Squareroot  -  enter the c value
2020-02-20 15:57:17 [main] INFO  com.bridgelabs.fs.junitprograms.Squareroot  - the estimated root is 6171.5
2020-02-20 15:57:17 [main] INFO  com.bridgelabs.fs.junitprograms.Squareroot  -exception handles and now executing below lines
2020-02-20 15:57:17 [main] INFO  com.bridgelabs.fs.junitprograms.Squareroot  -hi....
2020-02-20 15:57:20 [main] INFO  com.bridgelabs.fs.junitprograms.Squareroot  -  enter the c value
2020-02-20 15:57:22 [main] INFO  com.bridgelabs.fs.junitprograms.Squareroot  -exception handles and now executing below lines
2020-02-20 15:57:22 [main] INFO  com.bridgelabs.fs.junitprograms.Squareroot  -hi....
2020-02-20 16:01:34 [main] INFO  com.bridgelabs.fs.junitprograms.Temparatureconv  -enter the temp in celsius
2020-02-20 16:01:39 [main] INFO  com.bridgelabs.fs.junitprograms.Temparatureconv  -converted temeperatureis251.6
2020-02-20 16:01:39 [main] INFO  com.bridgelabs.fs.junitprograms.Temparatureconv  -enter the temp in fahrenheit
2020-02-20 16:03:50 [main] INFO  com.bridgelabs.fs.junitprograms.Temparatureconv  -enter the temp in celsius
2020-02-20 16:04:02 [main] INFO  com.bridgelabs.fs.junitprograms.Temparatureconv  -converted temeperatureis251.6
2020-02-20 16:04:02 [main] INFO  com.bridgelabs.fs.junitprograms.Temparatureconv  -enter the temp in fahrenheit
2020-02-20 16:04:04 [main] INFO  com.bridgelabs.fs.junitprograms.Temparatureconv  -coverted temperature is667.7777777777778
2020-02-20 16:06:20 [main] INFO  com.bridgelabs.fs.junitprograms.Dayofweek  -month,day,year
2020-02-20 16:06:34 [main] INFO  com.bridgelabs.fs.junitprograms.Dayofweek  -2
2020-02-20 16:06:34 [main] INFO  com.bridgelabs.fs.junitprograms.Dayofweek  -exception handeled
2020-02-20 16:06:34 [main] INFO  com.bridgelabs.fs.junitprograms.Dayofweek  -hello
2020-02-20 16:09:21 [main] INFO  com.bridgelabs.fs.junitprograms.Dayofweek  -month,day,year
2020-02-20 16:09:46 [main] INFO  com.bridgelabs.fs.junitprograms.Dayofweek  -6
2020-02-20 16:09:46 [main] INFO  com.bridgelabs.fs.junitprograms.Dayofweek  -exception handeled
2020-02-20 16:09:46 [main] INFO  com.bridgelabs.fs.junitprograms.Dayofweek  -hello
2020-02-20 16:10:43 [main] INFO  com.bridgelabs.fs.junitprograms.Dayofweek  -month,day,year
2020-02-20 16:10:49 [main] INFO  com.bridgelabs.fs.junitprograms.Dayofweek  -exception handeled
2020-02-20 16:10:49 [main] INFO  com.bridgelabs.fs.junitprograms.Dayofweek  -hello
2020-02-20 16:42:51 [main] INFO  com.bridgelabs.fs.logicalprograms.CouponNumber  -enter the value a n
2020-02-20 16:42:55 [main] INFO  com.bridgelabs.fs.logicalprograms.CouponNumber  -9249
2020-02-20 16:43:42 [main] INFO  com.bridgelabs.fs.logicalprograms.CouponNumber  -enter the value a n
2020-02-20 16:43:50 [main] INFO  com.bridgelabs.fs.logicalprograms.CouponNumber  -27
2020-02-20 16:44:16 [main] INFO  com.bridgelabs.fs.logicalprograms.CouponNumber  -enter the value a n
2020-02-20 16:44:19 [main] INFO  com.bridgelabs.fs.logicalprograms.CouponNumber  -21
2020-02-20 16:46:46 [main] INFO  com.bridgelabs.fs.logicalprograms.CouponNumber  -enter the value a n
2020-02-20 16:46:49 [main] INFO  com.bridgelabs.fs.logicalprograms.CouponNumber  -18
2020-02-20 16:47:47 [main] INFO  com.bridgelabs.fs.logicalprograms.Utility  -0 wins of3
2020-02-20 16:47:47 [main] INFO  com.bridgelabs.fs.logicalprograms.Utility  -percentage of won=0
2020-02-20 16:47:47 [main] INFO  com.bridgelabs.fs.logicalprograms.Utility  -average bets=0.0
2020-02-20 16:48:03 [main] INFO  com.bridgelabs.fs.logicalprograms.Gambler  -enter the stake, goal, trials
2020-02-20 16:48:14 [main] INFO  com.bridgelabs.fs.logicalprograms.Utility  -0 wins of1
2020-02-20 16:48:14 [main] INFO  com.bridgelabs.fs.logicalprograms.Utility  -percentage of won=0
2020-02-20 16:48:14 [main] INFO  com.bridgelabs.fs.logicalprograms.Utility  -average bets=0.0
2020-02-20 16:48:34 [main] INFO  com.bridgelabs.fs.logicalprograms.Utility  -0 wins of1
2020-02-20 16:48:34 [main] INFO  com.bridgelabs.fs.logicalprograms.Utility  -percentage of won=0
2020-02-20 16:48:34 [main] INFO  com.bridgelabs.fs.logicalprograms.Utility  -average bets=0.0
2020-02-20 17:08:28 [main] INFO  com.bridgelabs.fs.basicprograms.Factors  -enter the number n
2020-02-20 17:08:30 [main] INFO  com.bridgelabs.fs.basicprograms.Utility  -factorial of number188790
2020-02-20 17:08:30 [main] INFO  com.bridgelabs.fs.basicprograms.Factors  -188790
2020-02-20 17:09:36 [main] INFO  com.bridgelabs.fs.basicprograms.Utility  -factorial of number30
2020-02-20 17:09:36 [main] INFO  com.bridgelabs.fs.basicprograms.Utility  -factorial of number188790
2020-02-20 17:10:40 [main] INFO  com.bridgelabs.fs.basicprograms.FlipCoin  -enter the number of flip
2020-02-20 17:10:48 [main] INFO  com.bridgelabs.fs.basicprograms.FlipCoin  -80.0
2020-02-20 17:10:48 [main] INFO  com.bridgelabs.fs.basicprograms.FlipCoin  -20.0
2020-02-20 17:11:57 [main] INFO  com.bridgelabs.fs.basicprograms.Harmonic  -enter the n value
2020-02-20 17:12:30 [main] INFO  com.bridgelabs.fs.basicprograms.Utility  -1.5
2020-02-20 17:12:30 [main] INFO  com.bridgelabs.fs.basicprograms.Harmonic  -1.5
2020-02-20 17:13:18 [main] INFO  com.bridgelabs.fs.basicprograms.Harmonic  -enter the n value
2020-02-20 17:13:22 [main] INFO  com.bridgelabs.fs.basicprograms.Utility  -5.3853294714747895
2020-02-20 17:13:22 [main] INFO  com.bridgelabs.fs.basicprograms.Harmonic  -5.3853294714747895
2020-02-20 17:14:05 [main] INFO  com.bridgelabs.fs.basicprograms.Utility  -5.3853294714747895
2020-02-20 17:14:05 [main] INFO  com.bridgelabs.fs.basicprograms.Utility  -1.5
2020-02-20 17:26:29 [main] INFO  com.bridgelabs.fs.logicalprograms.Stopwatch  -enter the 1 to start the timer
2020-02-20 17:26:31 [main] INFO  com.bridgelabs.fs.logicalprograms.Utility  -start time 1582199791503
2020-02-20 17:26:31 [main] INFO  com.bridgelabs.fs.logicalprograms.Utility  -enter the 2 to stop the timer
2020-02-20 17:26:31 [main] INFO  com.bridgelabs.fs.logicalprograms.Utility  -end time is 1582199791504
2020-02-20 17:26:31 [main] INFO  com.bridgelabs.fs.logicalprograms.Utility  -Took: 1.0E-6ms
2020-02-20 17:26:31 [main] INFO  com.bridgelabs.fs.logicalprograms.Utility  -Took: 1.0E-9 seconds
2020-02-20 17:26:31 [main] INFO  com.bridgelabs.fs.logicalprograms.Stopwatch  -1582199791504
2020-02-20 17:26:31 [main] INFO  com.bridgelabs.fs.logicalprograms.Stopwatch  -exception handeled
2020-02-20 17:26:31 [main] INFO  com.bridgelabs.fs.logicalprograms.Stopwatch  -hello
2020-02-20 17:27:11 [main] INFO  com.bridgelabs.fs.logicalprograms.Stopwatch  -enter the 1 to start the timer
2020-02-20 17:27:21 [main] INFO  com.bridgelabs.fs.logicalprograms.Utility  -start time 1582199841231
2020-02-20 17:27:21 [main] INFO  com.bridgelabs.fs.logicalprograms.Utility  -enter the 2 to stop the timer
2020-02-20 17:27:21 [main] INFO  com.bridgelabs.fs.logicalprograms.Utility  -end time is 1582199841232
2020-02-20 17:27:21 [main] INFO  com.bridgelabs.fs.logicalprograms.Utility  -Took: 1.0E-6ms
2020-02-20 17:27:21 [main] INFO  com.bridgelabs.fs.logicalprograms.Utility  -Took: 1.0E-9 seconds
2020-02-20 17:27:21 [main] INFO  com.bridgelabs.fs.logicalprograms.Stopwatch  -1582199841232
2020-02-20 17:27:21 [main] INFO  com.bridgelabs.fs.logicalprograms.Stopwatch  -exception handeled
2020-02-20 17:27:21 [main] INFO  com.bridgelabs.fs.logicalprograms.Stopwatch  -hello
2020-02-20 17:40:26 [main] INFO  com.bridgelabs.fs.algorithmprograms.Utility  -12 
2020-02-20 17:40:26 [main] INFO  com.bridgelabs.fs.algorithmprograms.Utility  -11 
2020-02-20 17:40:26 [main] INFO  com.bridgelabs.fs.algorithmprograms.Utility  -13 
2020-02-20 17:40:26 [main] INFO  com.bridgelabs.fs.algorithmprograms.Utility  -5 
2020-02-20 17:40:26 [main] INFO  com.bridgelabs.fs.algorithmprograms.Utility  -6 
2020-02-20 17:40:26 [main] INFO  com.bridgelabs.fs.algorithmprograms.Utility  -7 
2020-02-20 17:40:26 [main] INFO  com.bridgelabs.fs.algorithmprograms.Utility  - 
2020-02-20 17:40:26 [main] INFO  com.bridgelabs.fs.algorithmprograms.Utility  -12 
2020-02-20 17:40:26 [main] INFO  com.bridgelabs.fs.algorithmprograms.Utility  -11 
2020-02-20 17:40:26 [main] INFO  com.bridgelabs.fs.algorithmprograms.Utility  -13 
2020-02-20 17:40:26 [main] INFO  com.bridgelabs.fs.algorithmprograms.Utility  -5 
2020-02-20 17:40:26 [main] INFO  com.bridgelabs.fs.algorithmprograms.Utility  -6 
2020-02-20 17:40:26 [main] INFO  com.bridgelabs.fs.algorithmprograms.Utility  -7 
2020-02-20 17:40:26 [main] INFO  com.bridgelabs.fs.algorithmprograms.Utility  - 
2020-02-24 09:15:12 [main] INFO  com.bridgelabs.fs.algorithmprograms.Utility  -Prime numbers from 1 to 100 are :
2020-02-24 09:15:12 [main] INFO  com.bridgelabs.fs.algorithmprograms.Utility  -2 3 5 7 11 13 17 19 23 29 31 37 41 43 47 53 59 61 67 71 73 79 83 89 97 
